2019-11-25 10:39:49 INFO  c.hcl.ecommerce.ECommerceApplication - Starting ECommerceApplication on LP-5CD9296CMC with PID 13812 (C:\Users\User1\Downloads\workspace\Muthu\E-Commerce\target\classes started by User1 in C:\Users\User1\Downloads\workspace\Muthu\E-Commerce)
 2019-11-25 10:39:49 INFO  c.hcl.ecommerce.ECommerceApplication - No active profile set, falling back to default profiles: default
 2019-11-25 10:39:50 INFO  o.s.b.d.restart.ChangeableUrls - The Class-Path manifest attribute in C:\Users\User1\.m2\repository\org\glassfish\jaxb\jaxb-runtime\2.3.2\jaxb-runtime-2.3.2.jar referenced one or more files that do not exist: file:/C:/Users/User1/.m2/repository/org/glassfish/jaxb/jaxb-runtime/2.3.2/jakarta.xml.bind-api-2.3.2.jar,file:/C:/Users/User1/.m2/repository/org/glassfish/jaxb/jaxb-runtime/2.3.2/txw2-2.3.2.jar,file:/C:/Users/User1/.m2/repository/org/glassfish/jaxb/jaxb-runtime/2.3.2/istack-commons-runtime-3.0.8.jar,file:/C:/Users/User1/.m2/repository/org/glassfish/jaxb/jaxb-runtime/2.3.2/stax-ex-1.8.1.jar,file:/C:/Users/User1/.m2/repository/org/glassfish/jaxb/jaxb-runtime/2.3.2/FastInfoset-1.2.16.jar,file:/C:/Users/User1/.m2/repository/org/glassfish/jaxb/jaxb-runtime/2.3.2/jakarta.activation-api-1.2.1.jar
 2019-11-25 10:39:50 INFO  o.s.b.d.e.DevToolsPropertyDefaultsPostProcessor - Devtools property defaults active! Set 'spring.devtools.add-properties' to 'false' to disable
 2019-11-25 10:39:50 INFO  o.s.b.d.e.DevToolsPropertyDefaultsPostProcessor - For additional web related logging consider setting the 'logging.level.web' property to 'DEBUG'
 2019-11-25 10:39:52 INFO  o.s.d.r.c.RepositoryConfigurationDelegate - Bootstrapping Spring Data repositories in DEFAULT mode.
 2019-11-25 10:39:52 INFO  o.s.d.r.c.RepositoryConfigurationDelegate - Finished Spring Data repository scanning in 103ms. Found 6 repository interfaces.
 2019-11-25 10:39:52 INFO  o.s.c.s.PostProcessorRegistrationDelegate$BeanPostProcessorChecker - Bean 'org.springframework.transaction.annotation.ProxyTransactionManagementConfiguration' of type [org.springframework.transaction.annotation.ProxyTransactionManagementConfiguration] is not eligible for getting processed by all BeanPostProcessors (for example: not eligible for auto-proxying)
 2019-11-25 10:39:53 INFO  o.s.b.w.e.tomcat.TomcatWebServer - Tomcat initialized with port(s): 8092 (http)
 2019-11-25 10:39:53 INFO  o.a.catalina.core.StandardService - Starting service [Tomcat]
 2019-11-25 10:39:53 INFO  o.a.catalina.core.StandardEngine - Starting Servlet engine: [Apache Tomcat/9.0.27]
 2019-11-25 10:39:53 INFO  o.a.c.c.C.[.[localhost].[/ecommerce] - Initializing Spring embedded WebApplicationContext
 2019-11-25 10:39:53 INFO  o.s.web.context.ContextLoader - Root WebApplicationContext: initialization completed in 3723 ms
 2019-11-25 10:39:54 INFO  o.h.jpa.internal.util.LogHelper - HHH000204: Processing PersistenceUnitInfo [name: default]
 2019-11-25 10:39:54 INFO  org.hibernate.Version - HHH000412: Hibernate Core {5.4.8.Final}
 2019-11-25 10:39:54 INFO  o.h.annotations.common.Version - HCANN000001: Hibernate Commons Annotations {5.1.0.Final}
 2019-11-25 10:39:54 INFO  com.zaxxer.hikari.HikariDataSource - HikariPool-1 - Starting...
 2019-11-25 10:39:55 INFO  com.zaxxer.hikari.HikariDataSource - HikariPool-1 - Start completed.
 2019-11-25 10:39:55 INFO  org.hibernate.dialect.Dialect - HHH000400: Using dialect: org.hibernate.dialect.MySQL8Dialect
 2019-11-25 10:39:56 INFO  o.h.e.t.j.p.i.JtaPlatformInitiator - HHH000490: Using JtaPlatform implementation: [org.hibernate.engine.transaction.jta.platform.internal.NoJtaPlatform]
 2019-11-25 10:39:56 INFO  o.s.o.j.LocalContainerEntityManagerFactoryBean - Initialized JPA EntityManagerFactory for persistence unit 'default'
 2019-11-25 10:39:56 INFO  o.s.b.d.a.OptionalLiveReloadServer - LiveReload server is running on port 35729
 2019-11-25 10:39:56 WARN  o.s.b.a.o.j.JpaBaseConfiguration$JpaWebConfiguration - spring.jpa.open-in-view is enabled by default. Therefore, database queries may be performed during view rendering. Explicitly configure spring.jpa.open-in-view to disable this warning
 2019-11-25 10:39:56 INFO  o.s.b.a.e.web.EndpointLinksResolver - Exposing 2 endpoint(s) beneath base path '/actuator'
 2019-11-25 10:39:56 INFO  s.d.s.w.PropertySourcedRequestMappingHandlerMapping - Mapped URL path [/v2/api-docs] onto method [springfox.documentation.swagger2.web.Swagger2Controller#getDocumentation(String, HttpServletRequest)]
 2019-11-25 10:39:57 INFO  o.s.s.c.ThreadPoolTaskExecutor - Initializing ExecutorService 'applicationTaskExecutor'
 2019-11-25 10:39:57 INFO  s.d.s.w.p.DocumentationPluginsBootstrapper - Context refreshed
 2019-11-25 10:39:57 INFO  s.d.s.w.p.DocumentationPluginsBootstrapper - Found 1 custom documentation plugin(s)
 2019-11-25 10:39:57 INFO  s.d.s.w.s.ApiListingReferenceScanner - Scanning for api listing references
 2019-11-25 10:39:57 INFO  o.s.b.w.e.tomcat.TomcatWebServer - Tomcat started on port(s): 8092 (http) with context path '/ecommerce'
 2019-11-25 10:39:57 INFO  c.hcl.ecommerce.ECommerceApplication - Started ECommerceApplication in 8.182 seconds (JVM running for 10.563)
 2019-11-25 10:40:02 INFO  o.a.c.c.C.[.[localhost].[/ecommerce] - Initializing Spring DispatcherServlet 'dispatcherServlet'
 2019-11-25 10:40:02 INFO  o.s.web.servlet.DispatcherServlet - Initializing Servlet 'dispatcherServlet'
 2019-11-25 10:40:02 INFO  o.s.web.servlet.DispatcherServlet - Completed initialization in 7 ms
 2019-11-25 10:58:33 INFO  o.s.b.a.SpringApplicationAdminMXBeanRegistrar$SpringApplicationAdmin - Application shutdown requested.
 2019-11-25 10:58:33 INFO  o.s.s.c.ThreadPoolTaskExecutor - Shutting down ExecutorService 'applicationTaskExecutor'
 2019-11-25 10:58:33 INFO  o.s.o.j.LocalContainerEntityManagerFactoryBean - Closing JPA EntityManagerFactory for persistence unit 'default'
 2019-11-25 10:58:33 INFO  com.zaxxer.hikari.HikariDataSource - HikariPool-1 - Shutdown initiated...
 2019-11-25 10:58:33 INFO  com.zaxxer.hikari.HikariDataSource - HikariPool-1 - Shutdown completed.
 2019-11-25 16:20:22 INFO  c.hcl.ecommerce.ECommerceApplication - Starting ECommerceApplication on LP-5CD9296CMC with PID 20552 (C:\Users\User1\Downloads\workspace\Muthu\E-Commerce\target\classes started by User1 in C:\Users\User1\Downloads\workspace\Muthu\E-Commerce)
 2019-11-25 16:20:22 INFO  c.hcl.ecommerce.ECommerceApplication - No active profile set, falling back to default profiles: default
 2019-11-25 16:20:22 INFO  o.s.b.d.restart.ChangeableUrls - The Class-Path manifest attribute in C:\Users\User1\.m2\repository\org\glassfish\jaxb\jaxb-runtime\2.3.2\jaxb-runtime-2.3.2.jar referenced one or more files that do not exist: file:/C:/Users/User1/.m2/repository/org/glassfish/jaxb/jaxb-runtime/2.3.2/jakarta.xml.bind-api-2.3.2.jar,file:/C:/Users/User1/.m2/repository/org/glassfish/jaxb/jaxb-runtime/2.3.2/txw2-2.3.2.jar,file:/C:/Users/User1/.m2/repository/org/glassfish/jaxb/jaxb-runtime/2.3.2/istack-commons-runtime-3.0.8.jar,file:/C:/Users/User1/.m2/repository/org/glassfish/jaxb/jaxb-runtime/2.3.2/stax-ex-1.8.1.jar,file:/C:/Users/User1/.m2/repository/org/glassfish/jaxb/jaxb-runtime/2.3.2/FastInfoset-1.2.16.jar,file:/C:/Users/User1/.m2/repository/org/glassfish/jaxb/jaxb-runtime/2.3.2/jakarta.activation-api-1.2.1.jar
 2019-11-25 16:20:22 INFO  o.s.b.d.e.DevToolsPropertyDefaultsPostProcessor - Devtools property defaults active! Set 'spring.devtools.add-properties' to 'false' to disable
 2019-11-25 16:20:22 INFO  o.s.b.d.e.DevToolsPropertyDefaultsPostProcessor - For additional web related logging consider setting the 'logging.level.web' property to 'DEBUG'
 2019-11-25 16:20:24 INFO  o.s.d.r.c.RepositoryConfigurationDelegate - Bootstrapping Spring Data repositories in DEFAULT mode.
 2019-11-25 16:20:24 INFO  o.s.d.r.c.RepositoryConfigurationDelegate - Finished Spring Data repository scanning in 104ms. Found 6 repository interfaces.
 2019-11-25 16:20:24 INFO  o.s.c.s.PostProcessorRegistrationDelegate$BeanPostProcessorChecker - Bean 'org.springframework.transaction.annotation.ProxyTransactionManagementConfiguration' of type [org.springframework.transaction.annotation.ProxyTransactionManagementConfiguration] is not eligible for getting processed by all BeanPostProcessors (for example: not eligible for auto-proxying)
 2019-11-25 16:20:25 INFO  o.s.b.w.e.tomcat.TomcatWebServer - Tomcat initialized with port(s): 8092 (http)
 2019-11-25 16:20:25 INFO  o.a.catalina.core.StandardService - Starting service [Tomcat]
 2019-11-25 16:20:25 INFO  o.a.catalina.core.StandardEngine - Starting Servlet engine: [Apache Tomcat/9.0.27]
 2019-11-25 16:20:25 INFO  o.a.c.c.C.[.[localhost].[/ecommerce] - Initializing Spring embedded WebApplicationContext
 2019-11-25 16:20:25 INFO  o.s.web.context.ContextLoader - Root WebApplicationContext: initialization completed in 3085 ms
 2019-11-25 16:20:26 INFO  o.h.jpa.internal.util.LogHelper - HHH000204: Processing PersistenceUnitInfo [name: default]
 2019-11-25 16:20:26 INFO  org.hibernate.Version - HHH000412: Hibernate Core {5.4.8.Final}
 2019-11-25 16:20:26 INFO  o.h.annotations.common.Version - HCANN000001: Hibernate Commons Annotations {5.1.0.Final}
 2019-11-25 16:20:26 INFO  com.zaxxer.hikari.HikariDataSource - HikariPool-1 - Starting...
 2019-11-25 16:20:28 INFO  com.zaxxer.hikari.HikariDataSource - HikariPool-1 - Start completed.
 2019-11-25 16:20:28 INFO  org.hibernate.dialect.Dialect - HHH000400: Using dialect: org.hibernate.dialect.MySQL8Dialect
 2019-11-25 16:20:28 INFO  o.h.e.t.j.p.i.JtaPlatformInitiator - HHH000490: Using JtaPlatform implementation: [org.hibernate.engine.transaction.jta.platform.internal.NoJtaPlatform]
 2019-11-25 16:20:28 INFO  o.s.o.j.LocalContainerEntityManagerFactoryBean - Initialized JPA EntityManagerFactory for persistence unit 'default'
 2019-11-25 16:20:28 INFO  o.s.b.d.a.OptionalLiveReloadServer - LiveReload server is running on port 35729
 2019-11-25 16:20:29 WARN  o.s.b.a.o.j.JpaBaseConfiguration$JpaWebConfiguration - spring.jpa.open-in-view is enabled by default. Therefore, database queries may be performed during view rendering. Explicitly configure spring.jpa.open-in-view to disable this warning
 2019-11-25 16:20:29 INFO  o.s.b.a.e.web.EndpointLinksResolver - Exposing 2 endpoint(s) beneath base path '/actuator'
 2019-11-25 16:20:29 INFO  s.d.s.w.PropertySourcedRequestMappingHandlerMapping - Mapped URL path [/v2/api-docs] onto method [springfox.documentation.swagger2.web.Swagger2Controller#getDocumentation(String, HttpServletRequest)]
 2019-11-25 16:20:29 INFO  o.s.s.c.ThreadPoolTaskExecutor - Initializing ExecutorService 'applicationTaskExecutor'
 2019-11-25 16:20:30 INFO  s.d.s.w.p.DocumentationPluginsBootstrapper - Context refreshed
 2019-11-25 16:20:30 INFO  s.d.s.w.p.DocumentationPluginsBootstrapper - Found 1 custom documentation plugin(s)
 2019-11-25 16:20:30 INFO  s.d.s.w.s.ApiListingReferenceScanner - Scanning for api listing references
 2019-11-25 16:20:30 INFO  o.s.b.w.e.tomcat.TomcatWebServer - Tomcat started on port(s): 8092 (http) with context path '/ecommerce'
 2019-11-25 16:20:30 INFO  c.hcl.ecommerce.ECommerceApplication - Started ECommerceApplication in 8.005 seconds (JVM running for 10.223)
 2019-11-25 16:20:35 INFO  o.a.c.c.C.[.[localhost].[/ecommerce] - Initializing Spring DispatcherServlet 'dispatcherServlet'
 2019-11-25 16:20:35 INFO  o.s.web.servlet.DispatcherServlet - Initializing Servlet 'dispatcherServlet'
 2019-11-25 16:20:35 INFO  o.s.web.servlet.DispatcherServlet - Completed initialization in 7 ms
 2019-11-25 16:20:52 DEBUG org.hibernate.SQL - select myorder0_.order_id as order_id1_0_, myorder0_.product_name as product_2_0_, myorder0_.store_name as store_na3_0_, myorder0_.user_id as user_id4_0_ from myorder myorder0_ where myorder0_.user_id=?
 2019-11-25 16:21:16 DEBUG org.hibernate.SQL - select myorder0_.order_id as order_id1_0_, myorder0_.product_name as product_2_0_, myorder0_.store_name as store_na3_0_, myorder0_.user_id as user_id4_0_ from myorder myorder0_ where myorder0_.user_id=?
 2019-11-25 16:21:16 WARN  o.s.w.s.m.m.a.ExceptionHandlerExceptionResolver - Resolved [com.hcl.ecommerce.exception.OrderEmptyException: There is no cart list for the user]
 2019-11-25 16:21:58 INFO  c.h.e.controller.UserController - Inside validating user method
 2019-11-25 16:21:58 DEBUG org.hibernate.SQL - select user0_.user_id as user_id1_5_, user0_.user_address as user_add2_5_, user0_.user_mobile_number as user_mob3_5_, user0_.user_name as user_nam4_5_, user0_.user_password as user_pas5_5_ from user user0_ where user0_.user_id=? and user0_.user_password=?
 2019-11-25 16:22:13 INFO  c.h.e.controller.UserController - Inside validating user method
 2019-11-25 16:22:13 DEBUG org.hibernate.SQL - select user0_.user_id as user_id1_5_, user0_.user_address as user_add2_5_, user0_.user_mobile_number as user_mob3_5_, user0_.user_name as user_nam4_5_, user0_.user_password as user_pas5_5_ from user user0_ where user0_.user_id=? and user0_.user_password=?
 2019-11-25 16:23:12 DEBUG org.hibernate.SQL - select product0_.product_id as product_1_1_, product0_.product_description as product_2_1_, product0_.product_name as product_3_1_ from product product0_
 2019-11-25 16:23:12 INFO  c.h.e.controller.SearchController - Displaying product details from product table
 2019-11-25 16:24:12 DEBUG org.hibernate.SQL - select product0_.product_id as product_1_1_, product0_.product_description as product_2_1_, product0_.product_name as product_3_1_ from product product0_ where product0_.product_name=?
 2019-11-25 16:24:12 DEBUG org.hibernate.SQL - select productsto0_.product_store_id as product_1_2_, productsto0_.product_id as product_2_2_, productsto0_.product_quantity as product_3_2_, productsto0_.productprice as productp4_2_, productsto0_.store_name as store_na5_2_ from productstore productsto0_ where productsto0_.product_id=?
 2019-11-25 16:24:12 INFO  c.h.e.s.ProductStoreServiceImpl - No of List=1
 2019-11-25 16:24:12 DEBUG org.hibernate.SQL - select store0_.store_id as store_id1_4_, store0_.contact_number as contact_2_4_, store0_.contact_person as contact_3_4_, store0_.store_location as store_lo4_4_, store0_.store_name as store_na5_4_ from store store0_ where store0_.store_name=?
 2019-11-25 16:24:12 INFO  c.h.e.s.ProductStoreServiceImpl - StoreName=Ajay Stores
 2019-11-25 16:24:12 DEBUG org.hibernate.SQL - select review0_.review_id as review_i1_3_, review0_.rating as rating2_3_, review0_.store_id as store_id3_3_ from review review0_ where review0_.store_id=?
 2019-11-25 16:24:12 INFO  c.h.e.s.ProductStoreServiceImpl - StroreId=102
 2019-11-25 16:24:12 INFO  c.h.e.controller.BuyController - Displaying the product from different stores
 2019-11-25 16:25:44 DEBUG org.hibernate.SQL - select product0_.product_id as product_1_1_, product0_.product_description as product_2_1_, product0_.product_name as product_3_1_ from product product0_ where product0_.product_name=?
 2019-11-25 16:25:44 DEBUG org.hibernate.SQL - select productsto0_.product_store_id as product_1_2_, productsto0_.product_id as product_2_2_, productsto0_.product_quantity as product_3_2_, productsto0_.productprice as productp4_2_, productsto0_.store_name as store_na5_2_ from productstore productsto0_ where productsto0_.product_id=? and productsto0_.store_name=?
 2019-11-25 16:25:44 DEBUG org.hibernate.SQL - select user0_.user_id as user_id1_5_, user0_.user_address as user_add2_5_, user0_.user_mobile_number as user_mob3_5_, user0_.user_name as user_nam4_5_, user0_.user_password as user_pas5_5_ from user user0_ where user0_.user_id=?
 2019-11-25 16:25:44 DEBUG org.hibernate.SQL - insert into myorder (product_name, store_name, user_id) values (?, ?, ?)
 2019-11-25 16:25:44 DEBUG org.hibernate.SQL - update productstore set product_id=?, product_quantity=?, productprice=?, store_name=? where product_store_id=?
 2019-11-25 16:25:45 INFO  c.h.e.controller.BuyController - Successfully saving product details
 2019-11-25 16:27:59 DEBUG org.hibernate.SQL - select myorder0_.order_id as order_id1_0_, myorder0_.product_name as product_2_0_, myorder0_.store_name as store_na3_0_, myorder0_.user_id as user_id4_0_ from myorder myorder0_ where myorder0_.user_id=?
 2019-11-25 16:51:41 WARN  o.s.w.s.m.m.a.ExceptionHandlerExceptionResolver - Resolved [com.hcl.ecommerce.exception.ProductNotAddedException: The details you have entered is null. Please check it]
 2019-11-25 16:51:51 WARN  o.s.w.s.m.m.a.ExceptionHandlerExceptionResolver - Resolved [com.hcl.ecommerce.exception.ProductNotAddedException: The details you have entered is null. Please check it]
 2019-11-25 16:51:59 WARN  o.s.w.s.m.m.a.ExceptionHandlerExceptionResolver - Resolved [com.hcl.ecommerce.exception.ProductNotAddedException: The details you have entered is null. Please check it]
 2019-11-25 16:52:07 WARN  o.s.w.s.m.m.a.ExceptionHandlerExceptionResolver - Resolved [com.hcl.ecommerce.exception.ProductNotAddedException: The details you have entered is null. Please check it]
 2019-11-25 16:54:04 INFO  o.s.b.a.SpringApplicationAdminMXBeanRegistrar$SpringApplicationAdmin - Application shutdown requested.
 2019-11-25 16:54:04 INFO  o.s.s.c.ThreadPoolTaskExecutor - Shutting down ExecutorService 'applicationTaskExecutor'
 2019-11-25 16:54:04 INFO  o.s.o.j.LocalContainerEntityManagerFactoryBean - Closing JPA EntityManagerFactory for persistence unit 'default'
 2019-11-25 16:54:04 INFO  com.zaxxer.hikari.HikariDataSource - HikariPool-1 - Shutdown initiated...
 2019-11-25 16:54:04 INFO  com.zaxxer.hikari.HikariDataSource - HikariPool-1 - Shutdown completed.
 2019-11-25 21:24:10 INFO  c.hcl.ecommerce.ECommerceApplication - Starting ECommerceApplication on LP-5CD9296CMC with PID 3908 (C:\Users\User1\Downloads\workspace\Muthu\E-Commerce\target\classes started by User1 in C:\Users\User1\Downloads\workspace\Muthu\E-Commerce)
 2019-11-25 21:24:10 INFO  c.hcl.ecommerce.ECommerceApplication - No active profile set, falling back to default profiles: default
 2019-11-25 21:24:10 INFO  o.s.b.d.restart.ChangeableUrls - The Class-Path manifest attribute in C:\Users\User1\.m2\repository\org\glassfish\jaxb\jaxb-runtime\2.3.2\jaxb-runtime-2.3.2.jar referenced one or more files that do not exist: file:/C:/Users/User1/.m2/repository/org/glassfish/jaxb/jaxb-runtime/2.3.2/jakarta.xml.bind-api-2.3.2.jar,file:/C:/Users/User1/.m2/repository/org/glassfish/jaxb/jaxb-runtime/2.3.2/txw2-2.3.2.jar,file:/C:/Users/User1/.m2/repository/org/glassfish/jaxb/jaxb-runtime/2.3.2/istack-commons-runtime-3.0.8.jar,file:/C:/Users/User1/.m2/repository/org/glassfish/jaxb/jaxb-runtime/2.3.2/stax-ex-1.8.1.jar,file:/C:/Users/User1/.m2/repository/org/glassfish/jaxb/jaxb-runtime/2.3.2/FastInfoset-1.2.16.jar,file:/C:/Users/User1/.m2/repository/org/glassfish/jaxb/jaxb-runtime/2.3.2/jakarta.activation-api-1.2.1.jar
 2019-11-25 21:24:10 INFO  o.s.b.d.e.DevToolsPropertyDefaultsPostProcessor - Devtools property defaults active! Set 'spring.devtools.add-properties' to 'false' to disable
 2019-11-25 21:24:10 INFO  o.s.b.d.e.DevToolsPropertyDefaultsPostProcessor - For additional web related logging consider setting the 'logging.level.web' property to 'DEBUG'
 2019-11-25 21:24:14 INFO  o.s.d.r.c.RepositoryConfigurationDelegate - Bootstrapping Spring Data repositories in DEFAULT mode.
 2019-11-25 21:24:14 INFO  o.s.d.r.c.RepositoryConfigurationDelegate - Finished Spring Data repository scanning in 154ms. Found 6 repository interfaces.
 2019-11-25 21:24:14 INFO  o.s.c.s.PostProcessorRegistrationDelegate$BeanPostProcessorChecker - Bean 'org.springframework.transaction.annotation.ProxyTransactionManagementConfiguration' of type [org.springframework.transaction.annotation.ProxyTransactionManagementConfiguration] is not eligible for getting processed by all BeanPostProcessors (for example: not eligible for auto-proxying)
 2019-11-25 21:24:15 INFO  o.s.b.w.e.tomcat.TomcatWebServer - Tomcat initialized with port(s): 8092 (http)
 2019-11-25 21:24:16 INFO  o.a.catalina.core.StandardService - Starting service [Tomcat]
 2019-11-25 21:24:16 INFO  o.a.catalina.core.StandardEngine - Starting Servlet engine: [Apache Tomcat/9.0.27]
 2019-11-25 21:24:16 INFO  o.a.c.c.C.[.[localhost].[/ecommerce] - Initializing Spring embedded WebApplicationContext
 2019-11-25 21:24:16 INFO  o.s.web.context.ContextLoader - Root WebApplicationContext: initialization completed in 5995 ms
 2019-11-25 21:24:17 INFO  o.h.jpa.internal.util.LogHelper - HHH000204: Processing PersistenceUnitInfo [name: default]
 2019-11-25 21:24:17 INFO  org.hibernate.Version - HHH000412: Hibernate Core {5.4.8.Final}
 2019-11-25 21:24:17 INFO  o.h.annotations.common.Version - HCANN000001: Hibernate Commons Annotations {5.1.0.Final}
 2019-11-25 21:24:18 INFO  com.zaxxer.hikari.HikariDataSource - HikariPool-1 - Starting...
 2019-11-25 21:24:19 INFO  com.zaxxer.hikari.HikariDataSource - HikariPool-1 - Start completed.
 2019-11-25 21:24:19 INFO  org.hibernate.dialect.Dialect - HHH000400: Using dialect: org.hibernate.dialect.MySQL8Dialect
 2019-11-25 21:24:21 INFO  o.h.e.t.j.p.i.JtaPlatformInitiator - HHH000490: Using JtaPlatform implementation: [org.hibernate.engine.transaction.jta.platform.internal.NoJtaPlatform]
 2019-11-25 21:24:21 INFO  o.s.o.j.LocalContainerEntityManagerFactoryBean - Initialized JPA EntityManagerFactory for persistence unit 'default'
 2019-11-25 21:24:21 INFO  o.s.b.d.a.OptionalLiveReloadServer - LiveReload server is running on port 35729
 2019-11-25 21:24:22 WARN  o.s.b.a.o.j.JpaBaseConfiguration$JpaWebConfiguration - spring.jpa.open-in-view is enabled by default. Therefore, database queries may be performed during view rendering. Explicitly configure spring.jpa.open-in-view to disable this warning
 2019-11-25 21:24:22 INFO  o.s.b.a.e.web.EndpointLinksResolver - Exposing 2 endpoint(s) beneath base path '/actuator'
 2019-11-25 21:24:22 INFO  s.d.s.w.PropertySourcedRequestMappingHandlerMapping - Mapped URL path [/v2/api-docs] onto method [springfox.documentation.swagger2.web.Swagger2Controller#getDocumentation(String, HttpServletRequest)]
 2019-11-25 21:24:22 INFO  o.s.s.c.ThreadPoolTaskExecutor - Initializing ExecutorService 'applicationTaskExecutor'
 2019-11-25 21:24:23 INFO  s.d.s.w.p.DocumentationPluginsBootstrapper - Context refreshed
 2019-11-25 21:24:23 INFO  s.d.s.w.p.DocumentationPluginsBootstrapper - Found 1 custom documentation plugin(s)
 2019-11-25 21:24:23 INFO  s.d.s.w.s.ApiListingReferenceScanner - Scanning for api listing references
 2019-11-25 21:24:23 INFO  o.s.b.w.e.tomcat.TomcatWebServer - Tomcat started on port(s): 8092 (http) with context path '/ecommerce'
 2019-11-25 21:24:23 INFO  c.hcl.ecommerce.ECommerceApplication - Started ECommerceApplication in 13.721 seconds (JVM running for 17.206)
 2019-11-25 21:24:30 INFO  o.a.c.c.C.[.[localhost].[/ecommerce] - Initializing Spring DispatcherServlet 'dispatcherServlet'
 2019-11-25 21:24:30 INFO  o.s.web.servlet.DispatcherServlet - Initializing Servlet 'dispatcherServlet'
 2019-11-25 21:24:30 INFO  o.s.web.servlet.DispatcherServlet - Completed initialization in 11 ms
 2019-11-25 21:25:14 DEBUG org.hibernate.SQL - select product0_.product_id as product_1_1_, product0_.product_description as product_2_1_, product0_.product_name as product_3_1_ from product product0_ where product0_.product_name=?
 2019-11-25 21:25:14 DEBUG org.hibernate.SQL - select productsto0_.product_store_id as product_1_2_, productsto0_.product_id as product_2_2_, productsto0_.product_quantity as product_3_2_, productsto0_.productprice as productp4_2_, productsto0_.store_name as store_na5_2_ from productstore productsto0_ where productsto0_.product_id=?
 2019-11-25 21:25:14 INFO  c.h.e.s.ProductStoreServiceImpl - No of List=3
 2019-11-25 21:25:14 DEBUG org.hibernate.SQL - select store0_.store_id as store_id1_4_, store0_.contact_number as contact_2_4_, store0_.contact_person as contact_3_4_, store0_.store_location as store_lo4_4_, store0_.store_name as store_na5_4_ from store store0_ where store0_.store_name=?
 2019-11-25 21:25:14 INFO  c.h.e.s.ProductStoreServiceImpl - StoreName=Ammu Stores
 2019-11-25 21:25:14 DEBUG org.hibernate.SQL - select review0_.review_id as review_i1_3_, review0_.rating as rating2_3_, review0_.store_id as store_id3_3_ from review review0_ where review0_.store_id=?
 2019-11-25 21:25:14 INFO  c.h.e.s.ProductStoreServiceImpl - StroreId=101
 2019-11-25 21:25:14 DEBUG org.hibernate.SQL - select store0_.store_id as store_id1_4_, store0_.contact_number as contact_2_4_, store0_.contact_person as contact_3_4_, store0_.store_location as store_lo4_4_, store0_.store_name as store_na5_4_ from store store0_ where store0_.store_name=?
 2019-11-25 21:25:14 INFO  c.h.e.s.ProductStoreServiceImpl - StoreName=Vijay Stores
 2019-11-25 21:25:14 DEBUG org.hibernate.SQL - select review0_.review_id as review_i1_3_, review0_.rating as rating2_3_, review0_.store_id as store_id3_3_ from review review0_ where review0_.store_id=?
 2019-11-25 21:25:14 INFO  c.h.e.s.ProductStoreServiceImpl - StroreId=103
 2019-11-25 21:25:14 DEBUG org.hibernate.SQL - select store0_.store_id as store_id1_4_, store0_.contact_number as contact_2_4_, store0_.contact_person as contact_3_4_, store0_.store_location as store_lo4_4_, store0_.store_name as store_na5_4_ from store store0_ where store0_.store_name=?
 2019-11-25 21:25:14 INFO  c.h.e.s.ProductStoreServiceImpl - StoreName=Sujith Stores
 2019-11-25 21:25:14 DEBUG org.hibernate.SQL - select review0_.review_id as review_i1_3_, review0_.rating as rating2_3_, review0_.store_id as store_id3_3_ from review review0_ where review0_.store_id=?
 2019-11-25 21:25:14 INFO  c.h.e.s.ProductStoreServiceImpl - StroreId=105
 2019-11-25 21:25:14 INFO  c.h.e.controller.BuyController - Displaying the product from different stores
 2019-11-25 21:25:58 DEBUG org.hibernate.SQL - select product0_.product_id as product_1_1_, product0_.product_description as product_2_1_, product0_.product_name as product_3_1_ from product product0_ where product0_.product_name=?
 2019-11-25 21:25:59 DEBUG org.hibernate.SQL - select productsto0_.product_store_id as product_1_2_, productsto0_.product_id as product_2_2_, productsto0_.product_quantity as product_3_2_, productsto0_.productprice as productp4_2_, productsto0_.store_name as store_na5_2_ from productstore productsto0_ where productsto0_.product_id=? and productsto0_.store_name=?
 2019-11-25 21:25:59 DEBUG org.hibernate.SQL - select user0_.user_id as user_id1_5_, user0_.user_address as user_add2_5_, user0_.user_mobile_number as user_mob3_5_, user0_.user_name as user_nam4_5_, user0_.user_password as user_pas5_5_ from user user0_ where user0_.user_id=?
 2019-11-25 21:25:59 DEBUG org.hibernate.SQL - insert into myorder (product_name, store_name, user_id) values (?, ?, ?)
 2019-11-25 21:25:59 INFO  c.h.e.controller.BuyController - Successfully saving product details
 2019-11-25 21:26:53 INFO  o.s.s.c.ThreadPoolTaskExecutor - Shutting down ExecutorService 'applicationTaskExecutor'
 2019-11-25 21:26:53 INFO  o.s.o.j.LocalContainerEntityManagerFactoryBean - Closing JPA EntityManagerFactory for persistence unit 'default'
 2019-11-25 21:26:53 INFO  com.zaxxer.hikari.HikariDataSource - HikariPool-1 - Shutdown initiated...
 2019-11-25 21:26:53 INFO  com.zaxxer.hikari.HikariDataSource - HikariPool-1 - Shutdown completed.
 2019-11-25 21:26:53 INFO  c.hcl.ecommerce.ECommerceApplication - Starting ECommerceApplication on LP-5CD9296CMC with PID 3908 (C:\Users\User1\Downloads\workspace\Muthu\E-Commerce\target\classes started by User1 in C:\Users\User1\Downloads\workspace\Muthu\E-Commerce)
 2019-11-25 21:26:53 INFO  c.hcl.ecommerce.ECommerceApplication - No active profile set, falling back to default profiles: default
 2019-11-25 21:26:54 INFO  o.s.d.r.c.RepositoryConfigurationDelegate - Bootstrapping Spring Data repositories in DEFAULT mode.
 2019-11-25 21:26:54 INFO  o.s.d.r.c.RepositoryConfigurationDelegate - Finished Spring Data repository scanning in 80ms. Found 6 repository interfaces.
 2019-11-25 21:26:54 INFO  o.s.c.s.PostProcessorRegistrationDelegate$BeanPostProcessorChecker - Bean 'org.springframework.transaction.annotation.ProxyTransactionManagementConfiguration' of type [org.springframework.transaction.annotation.ProxyTransactionManagementConfiguration] is not eligible for getting processed by all BeanPostProcessors (for example: not eligible for auto-proxying)
 2019-11-25 21:26:54 WARN  o.a.tomcat.util.modeler.Registry - The MBean registry cannot be disabled because it has already been initialised
 2019-11-25 21:26:55 INFO  o.s.b.w.e.tomcat.TomcatWebServer - Tomcat initialized with port(s): 8092 (http)
 2019-11-25 21:26:55 INFO  o.a.catalina.core.StandardService - Starting service [Tomcat]
 2019-11-25 21:26:55 INFO  o.a.catalina.core.StandardEngine - Starting Servlet engine: [Apache Tomcat/9.0.27]
 2019-11-25 21:26:56 INFO  o.a.c.c.C.[.[localhost].[/ecommerce] - Initializing Spring embedded WebApplicationContext
 2019-11-25 21:26:56 INFO  o.s.web.context.ContextLoader - Root WebApplicationContext: initialization completed in 2306 ms
 2019-11-25 21:26:56 INFO  o.h.jpa.internal.util.LogHelper - HHH000204: Processing PersistenceUnitInfo [name: default]
 2019-11-25 21:26:56 INFO  com.zaxxer.hikari.HikariDataSource - HikariPool-2 - Starting...
 2019-11-25 21:26:56 INFO  com.zaxxer.hikari.HikariDataSource - HikariPool-2 - Start completed.
 2019-11-25 21:26:56 INFO  org.hibernate.dialect.Dialect - HHH000400: Using dialect: org.hibernate.dialect.MySQL8Dialect
 2019-11-25 21:26:56 INFO  o.h.e.t.j.p.i.JtaPlatformInitiator - HHH000490: Using JtaPlatform implementation: [org.hibernate.engine.transaction.jta.platform.internal.NoJtaPlatform]
 2019-11-25 21:26:56 INFO  o.s.o.j.LocalContainerEntityManagerFactoryBean - Initialized JPA EntityManagerFactory for persistence unit 'default'
 2019-11-25 21:26:56 INFO  o.s.b.d.a.OptionalLiveReloadServer - LiveReload server is running on port 35729
 2019-11-25 21:26:56 WARN  o.s.b.a.o.j.JpaBaseConfiguration$JpaWebConfiguration - spring.jpa.open-in-view is enabled by default. Therefore, database queries may be performed during view rendering. Explicitly configure spring.jpa.open-in-view to disable this warning
 2019-11-25 21:26:56 INFO  o.s.b.a.e.web.EndpointLinksResolver - Exposing 2 endpoint(s) beneath base path '/actuator'
 2019-11-25 21:26:56 INFO  s.d.s.w.PropertySourcedRequestMappingHandlerMapping - Mapped URL path [/v2/api-docs] onto method [springfox.documentation.swagger2.web.Swagger2Controller#getDocumentation(String, HttpServletRequest)]
 2019-11-25 21:26:56 INFO  o.s.s.c.ThreadPoolTaskExecutor - Initializing ExecutorService 'applicationTaskExecutor'
 2019-11-25 21:26:57 INFO  s.d.s.w.p.DocumentationPluginsBootstrapper - Context refreshed
 2019-11-25 21:26:57 INFO  s.d.s.w.p.DocumentationPluginsBootstrapper - Found 1 custom documentation plugin(s)
 2019-11-25 21:26:57 INFO  s.d.s.w.s.ApiListingReferenceScanner - Scanning for api listing references
 2019-11-25 21:26:57 INFO  o.s.b.w.e.tomcat.TomcatWebServer - Tomcat started on port(s): 8092 (http) with context path '/ecommerce'
 2019-11-25 21:26:57 INFO  c.hcl.ecommerce.ECommerceApplication - Started ECommerceApplication in 3.236 seconds (JVM running for 170.43)
 2019-11-25 21:26:57 INFO  o.s.b.d.a.ConditionEvaluationDeltaLoggingListener - Condition evaluation unchanged
 2019-11-25 21:27:08 INFO  o.a.c.c.C.[.[localhost].[/ecommerce] - Initializing Spring DispatcherServlet 'dispatcherServlet'
 2019-11-25 21:27:08 INFO  o.s.web.servlet.DispatcherServlet - Initializing Servlet 'dispatcherServlet'
 2019-11-25 21:27:08 INFO  o.s.web.servlet.DispatcherServlet - Completed initialization in 4 ms
 2019-11-25 21:27:27 DEBUG org.hibernate.SQL - select product0_.product_id as product_1_1_, product0_.product_description as product_2_1_, product0_.product_name as product_3_1_ from product product0_ where product0_.product_name=?
 2019-11-25 21:27:27 DEBUG org.hibernate.SQL - select productsto0_.product_store_id as product_1_2_, productsto0_.product_id as product_2_2_, productsto0_.product_quantity as product_3_2_, productsto0_.productprice as productp4_2_, productsto0_.store_name as store_na5_2_ from productstore productsto0_ where productsto0_.product_id=? and productsto0_.store_name=?
 2019-11-25 21:27:27 DEBUG org.hibernate.SQL - select user0_.user_id as user_id1_5_, user0_.user_address as user_add2_5_, user0_.user_mobile_number as user_mob3_5_, user0_.user_name as user_nam4_5_, user0_.user_password as user_pas5_5_ from user user0_ where user0_.user_id=?
 2019-11-25 21:27:27 INFO  c.h.e.controller.BuyController - Successfully saving product details
 2019-11-25 21:29:49 DEBUG org.hibernate.SQL - select product0_.product_id as product_1_1_, product0_.product_description as product_2_1_, product0_.product_name as product_3_1_ from product product0_ where product0_.product_name=?
 2019-11-25 21:29:49 DEBUG org.hibernate.SQL - select productsto0_.product_store_id as product_1_2_, productsto0_.product_id as product_2_2_, productsto0_.product_quantity as product_3_2_, productsto0_.productprice as productp4_2_, productsto0_.store_name as store_na5_2_ from productstore productsto0_ where productsto0_.product_id=? and productsto0_.store_name=?
 2019-11-25 21:29:49 DEBUG org.hibernate.SQL - select user0_.user_id as user_id1_5_, user0_.user_address as user_add2_5_, user0_.user_mobile_number as user_mob3_5_, user0_.user_name as user_nam4_5_, user0_.user_password as user_pas5_5_ from user user0_ where user0_.user_id=?
 2019-11-25 21:29:49 DEBUG org.hibernate.SQL - insert into myorder (product_name, store_name, user_id) values (?, ?, ?)
 2019-11-25 21:29:49 DEBUG org.hibernate.SQL - update productstore set product_id=?, product_quantity=?, productprice=?, store_name=? where product_store_id=?
 2019-11-25 21:29:49 INFO  c.h.e.controller.BuyController - Successfully saving product details
 2019-11-25 21:30:46 DEBUG org.hibernate.SQL - select product0_.product_id as product_1_1_, product0_.product_description as product_2_1_, product0_.product_name as product_3_1_ from product product0_ where product0_.product_name=?
 2019-11-25 21:30:46 DEBUG org.hibernate.SQL - select productsto0_.product_store_id as product_1_2_, productsto0_.product_id as product_2_2_, productsto0_.product_quantity as product_3_2_, productsto0_.productprice as productp4_2_, productsto0_.store_name as store_na5_2_ from productstore productsto0_ where productsto0_.product_id=? and productsto0_.store_name=?
 2019-11-25 21:30:46 DEBUG org.hibernate.SQL - select user0_.user_id as user_id1_5_, user0_.user_address as user_add2_5_, user0_.user_mobile_number as user_mob3_5_, user0_.user_name as user_nam4_5_, user0_.user_password as user_pas5_5_ from user user0_ where user0_.user_id=?
 2019-11-25 21:30:46 INFO  c.h.e.controller.BuyController - Successfully saving product details
 2019-11-25 21:31:23 INFO  o.s.s.c.ThreadPoolTaskExecutor - Shutting down ExecutorService 'applicationTaskExecutor'
 2019-11-25 21:31:23 INFO  o.s.o.j.LocalContainerEntityManagerFactoryBean - Closing JPA EntityManagerFactory for persistence unit 'default'
 2019-11-25 21:31:23 INFO  com.zaxxer.hikari.HikariDataSource - HikariPool-2 - Shutdown initiated...
 2019-11-25 21:31:23 INFO  com.zaxxer.hikari.HikariDataSource - HikariPool-2 - Shutdown completed.
 2019-11-25 21:31:29 INFO  c.hcl.ecommerce.ECommerceApplication - Starting ECommerceApplication on LP-5CD9296CMC with PID 3908 (C:\Users\User1\Downloads\workspace\Muthu\E-Commerce\target\classes started by User1 in C:\Users\User1\Downloads\workspace\Muthu\E-Commerce)
 2019-11-25 21:31:29 INFO  c.hcl.ecommerce.ECommerceApplication - No active profile set, falling back to default profiles: default
 2019-11-25 21:31:30 INFO  o.s.d.r.c.RepositoryConfigurationDelegate - Bootstrapping Spring Data repositories in DEFAULT mode.
 2019-11-25 21:31:30 INFO  o.s.d.r.c.RepositoryConfigurationDelegate - Finished Spring Data repository scanning in 1ms. Found 0 repository interfaces.
 2019-11-25 21:31:30 INFO  o.s.c.s.PostProcessorRegistrationDelegate$BeanPostProcessorChecker - Bean 'org.springframework.transaction.annotation.ProxyTransactionManagementConfiguration' of type [org.springframework.transaction.annotation.ProxyTransactionManagementConfiguration] is not eligible for getting processed by all BeanPostProcessors (for example: not eligible for auto-proxying)
 2019-11-25 21:31:30 WARN  o.a.tomcat.util.modeler.Registry - The MBean registry cannot be disabled because it has already been initialised
 2019-11-25 21:31:31 INFO  o.s.b.w.e.tomcat.TomcatWebServer - Tomcat initialized with port(s): 8092 (http)
 2019-11-25 21:31:31 INFO  o.a.catalina.core.StandardService - Starting service [Tomcat]
 2019-11-25 21:31:31 INFO  o.a.catalina.core.StandardEngine - Starting Servlet engine: [Apache Tomcat/9.0.27]
 2019-11-25 21:31:31 INFO  o.a.c.c.C.[.[localhost].[/ecommerce] - Initializing Spring embedded WebApplicationContext
 2019-11-25 21:31:31 INFO  o.s.web.context.ContextLoader - Root WebApplicationContext: initialization completed in 2197 ms
 2019-11-25 21:31:31 INFO  o.h.jpa.internal.util.LogHelper - HHH000204: Processing PersistenceUnitInfo [name: default]
 2019-11-25 21:31:31 INFO  com.zaxxer.hikari.HikariDataSource - HikariPool-3 - Starting...
 2019-11-25 21:31:32 INFO  com.zaxxer.hikari.HikariDataSource - HikariPool-3 - Start completed.
 2019-11-25 21:31:32 INFO  org.hibernate.dialect.Dialect - HHH000400: Using dialect: org.hibernate.dialect.MySQL8Dialect
 2019-11-25 21:31:32 INFO  o.h.e.t.j.p.i.JtaPlatformInitiator - HHH000490: Using JtaPlatform implementation: [org.hibernate.engine.transaction.jta.platform.internal.NoJtaPlatform]
 2019-11-25 21:31:32 INFO  o.s.o.j.LocalContainerEntityManagerFactoryBean - Initialized JPA EntityManagerFactory for persistence unit 'default'
 2019-11-25 21:31:32 INFO  o.s.b.d.a.OptionalLiveReloadServer - LiveReload server is running on port 35729
 2019-11-25 21:31:32 WARN  o.s.b.a.o.j.JpaBaseConfiguration$JpaWebConfiguration - spring.jpa.open-in-view is enabled by default. Therefore, database queries may be performed during view rendering. Explicitly configure spring.jpa.open-in-view to disable this warning
 2019-11-25 21:31:32 INFO  o.s.s.c.ThreadPoolTaskExecutor - Initializing ExecutorService 'applicationTaskExecutor'
 2019-11-25 21:31:32 INFO  o.s.b.a.e.web.EndpointLinksResolver - Exposing 2 endpoint(s) beneath base path '/actuator'
 2019-11-25 21:31:32 INFO  o.s.b.w.e.tomcat.TomcatWebServer - Tomcat started on port(s): 8092 (http) with context path '/ecommerce'
 2019-11-25 21:31:32 INFO  c.hcl.ecommerce.ECommerceApplication - Started ECommerceApplication in 2.721 seconds (JVM running for 445.66)
 2019-11-25 21:31:32 INFO  o.s.b.d.a.ConditionEvaluationDeltaLoggingListener - Condition evaluation unchanged
 2019-11-25 21:31:40 INFO  o.s.s.c.ThreadPoolTaskExecutor - Shutting down ExecutorService 'applicationTaskExecutor'
 2019-11-25 21:31:40 INFO  o.s.o.j.LocalContainerEntityManagerFactoryBean - Closing JPA EntityManagerFactory for persistence unit 'default'
 2019-11-25 21:31:40 INFO  com.zaxxer.hikari.HikariDataSource - HikariPool-3 - Shutdown initiated...
 2019-11-25 21:31:40 INFO  com.zaxxer.hikari.HikariDataSource - HikariPool-3 - Shutdown completed.
 2019-11-25 21:31:40 INFO  c.hcl.ecommerce.ECommerceApplication - Starting ECommerceApplication on LP-5CD9296CMC with PID 3908 (C:\Users\User1\Downloads\workspace\Muthu\E-Commerce\target\classes started by User1 in C:\Users\User1\Downloads\workspace\Muthu\E-Commerce)
 2019-11-25 21:31:40 INFO  c.hcl.ecommerce.ECommerceApplication - No active profile set, falling back to default profiles: default
 2019-11-25 21:31:41 INFO  o.s.d.r.c.RepositoryConfigurationDelegate - Bootstrapping Spring Data repositories in DEFAULT mode.
 2019-11-25 21:31:41 INFO  o.s.d.r.c.RepositoryConfigurationDelegate - Finished Spring Data repository scanning in 64ms. Found 6 repository interfaces.
 2019-11-25 21:31:42 INFO  o.s.c.s.PostProcessorRegistrationDelegate$BeanPostProcessorChecker - Bean 'org.springframework.transaction.annotation.ProxyTransactionManagementConfiguration' of type [org.springframework.transaction.annotation.ProxyTransactionManagementConfiguration] is not eligible for getting processed by all BeanPostProcessors (for example: not eligible for auto-proxying)
 2019-11-25 21:31:42 WARN  o.a.tomcat.util.modeler.Registry - The MBean registry cannot be disabled because it has already been initialised
 2019-11-25 21:31:42 INFO  o.s.b.w.e.tomcat.TomcatWebServer - Tomcat initialized with port(s): 8092 (http)
 2019-11-25 21:31:42 INFO  o.a.catalina.core.StandardService - Starting service [Tomcat]
 2019-11-25 21:31:42 INFO  o.a.catalina.core.StandardEngine - Starting Servlet engine: [Apache Tomcat/9.0.27]
 2019-11-25 21:31:43 INFO  o.a.c.c.C.[.[localhost].[/ecommerce] - Initializing Spring embedded WebApplicationContext
 2019-11-25 21:31:43 INFO  o.s.web.context.ContextLoader - Root WebApplicationContext: initialization completed in 2435 ms
 2019-11-25 21:31:43 INFO  o.h.jpa.internal.util.LogHelper - HHH000204: Processing PersistenceUnitInfo [name: default]
 2019-11-25 21:31:43 INFO  com.zaxxer.hikari.HikariDataSource - HikariPool-4 - Starting...
 2019-11-25 21:31:43 INFO  com.zaxxer.hikari.HikariDataSource - HikariPool-4 - Start completed.
 2019-11-25 21:31:43 INFO  org.hibernate.dialect.Dialect - HHH000400: Using dialect: org.hibernate.dialect.MySQL8Dialect
 2019-11-25 21:31:44 INFO  o.h.e.t.j.p.i.JtaPlatformInitiator - HHH000490: Using JtaPlatform implementation: [org.hibernate.engine.transaction.jta.platform.internal.NoJtaPlatform]
 2019-11-25 21:31:44 INFO  o.s.o.j.LocalContainerEntityManagerFactoryBean - Initialized JPA EntityManagerFactory for persistence unit 'default'
 2019-11-25 21:31:44 INFO  o.s.b.d.a.OptionalLiveReloadServer - LiveReload server is running on port 35729
 2019-11-25 21:31:44 WARN  o.s.b.a.o.j.JpaBaseConfiguration$JpaWebConfiguration - spring.jpa.open-in-view is enabled by default. Therefore, database queries may be performed during view rendering. Explicitly configure spring.jpa.open-in-view to disable this warning
 2019-11-25 21:31:44 INFO  o.s.b.a.e.web.EndpointLinksResolver - Exposing 2 endpoint(s) beneath base path '/actuator'
 2019-11-25 21:31:44 INFO  s.d.s.w.PropertySourcedRequestMappingHandlerMapping - Mapped URL path [/v2/api-docs] onto method [springfox.documentation.swagger2.web.Swagger2Controller#getDocumentation(String, HttpServletRequest)]
 2019-11-25 21:31:44 INFO  o.s.s.c.ThreadPoolTaskExecutor - Initializing ExecutorService 'applicationTaskExecutor'
 2019-11-25 21:31:44 INFO  s.d.s.w.p.DocumentationPluginsBootstrapper - Context refreshed
 2019-11-25 21:31:44 INFO  s.d.s.w.p.DocumentationPluginsBootstrapper - Found 1 custom documentation plugin(s)
 2019-11-25 21:31:44 INFO  s.d.s.w.s.ApiListingReferenceScanner - Scanning for api listing references
 2019-11-25 21:31:45 INFO  o.s.b.w.e.tomcat.TomcatWebServer - Tomcat started on port(s): 8092 (http) with context path '/ecommerce'
 2019-11-25 21:31:45 INFO  c.hcl.ecommerce.ECommerceApplication - Started ECommerceApplication in 4.168 seconds (JVM running for 458.302)
 2019-11-25 21:31:45 INFO  o.s.b.d.a.ConditionEvaluationDeltaLoggingListener - Condition evaluation delta:


==========================
CONDITION EVALUATION DELTA
==========================


Positive matches:
-----------------

   Swagger2DocumentationConfiguration matched:
      - @ConditionalOnWebApplication (required) found 'session' scope (OnWebApplicationCondition)


Negative matches:
-----------------

    None


Exclusions:
-----------

    None


Unconditional classes:
----------------------

    None



 2019-11-25 21:32:35 INFO  o.s.s.c.ThreadPoolTaskExecutor - Shutting down ExecutorService 'applicationTaskExecutor'
 2019-11-25 21:32:35 INFO  o.s.o.j.LocalContainerEntityManagerFactoryBean - Closing JPA EntityManagerFactory for persistence unit 'default'
 2019-11-25 21:32:35 INFO  com.zaxxer.hikari.HikariDataSource - HikariPool-4 - Shutdown initiated...
 2019-11-25 21:32:35 INFO  com.zaxxer.hikari.HikariDataSource - HikariPool-4 - Shutdown completed.
 2019-11-25 21:32:36 INFO  c.hcl.ecommerce.ECommerceApplication - Starting ECommerceApplication on LP-5CD9296CMC with PID 3908 (C:\Users\User1\Downloads\workspace\Muthu\E-Commerce\target\classes started by User1 in C:\Users\User1\Downloads\workspace\Muthu\E-Commerce)
 2019-11-25 21:32:36 INFO  c.hcl.ecommerce.ECommerceApplication - No active profile set, falling back to default profiles: default
 2019-11-25 21:32:36 INFO  o.s.d.r.c.RepositoryConfigurationDelegate - Bootstrapping Spring Data repositories in DEFAULT mode.
 2019-11-25 21:32:36 INFO  o.s.d.r.c.RepositoryConfigurationDelegate - Finished Spring Data repository scanning in 60ms. Found 6 repository interfaces.
 2019-11-25 21:32:37 INFO  o.s.c.s.PostProcessorRegistrationDelegate$BeanPostProcessorChecker - Bean 'org.springframework.transaction.annotation.ProxyTransactionManagementConfiguration' of type [org.springframework.transaction.annotation.ProxyTransactionManagementConfiguration] is not eligible for getting processed by all BeanPostProcessors (for example: not eligible for auto-proxying)
 2019-11-25 21:32:37 WARN  o.a.tomcat.util.modeler.Registry - The MBean registry cannot be disabled because it has already been initialised
 2019-11-25 21:32:37 INFO  o.s.b.w.e.tomcat.TomcatWebServer - Tomcat initialized with port(s): 8092 (http)
 2019-11-25 21:32:37 INFO  o.a.catalina.core.StandardService - Starting service [Tomcat]
 2019-11-25 21:32:37 INFO  o.a.catalina.core.StandardEngine - Starting Servlet engine: [Apache Tomcat/9.0.27]
 2019-11-25 21:32:38 INFO  o.a.c.c.C.[.[localhost].[/ecommerce] - Initializing Spring embedded WebApplicationContext
 2019-11-25 21:32:38 INFO  o.s.web.context.ContextLoader - Root WebApplicationContext: initialization completed in 2438 ms
 2019-11-25 21:32:38 INFO  o.h.jpa.internal.util.LogHelper - HHH000204: Processing PersistenceUnitInfo [name: default]
 2019-11-25 21:32:38 INFO  com.zaxxer.hikari.HikariDataSource - HikariPool-5 - Starting...
 2019-11-25 21:32:38 INFO  com.zaxxer.hikari.HikariDataSource - HikariPool-5 - Start completed.
 2019-11-25 21:32:38 INFO  org.hibernate.dialect.Dialect - HHH000400: Using dialect: org.hibernate.dialect.MySQL8Dialect
 2019-11-25 21:32:39 INFO  o.h.e.t.j.p.i.JtaPlatformInitiator - HHH000490: Using JtaPlatform implementation: [org.hibernate.engine.transaction.jta.platform.internal.NoJtaPlatform]
 2019-11-25 21:32:39 INFO  o.s.o.j.LocalContainerEntityManagerFactoryBean - Initialized JPA EntityManagerFactory for persistence unit 'default'
 2019-11-25 21:32:39 INFO  o.s.b.d.a.OptionalLiveReloadServer - LiveReload server is running on port 35729
 2019-11-25 21:32:39 WARN  o.s.b.a.o.j.JpaBaseConfiguration$JpaWebConfiguration - spring.jpa.open-in-view is enabled by default. Therefore, database queries may be performed during view rendering. Explicitly configure spring.jpa.open-in-view to disable this warning
 2019-11-25 21:32:39 INFO  o.s.b.a.e.web.EndpointLinksResolver - Exposing 2 endpoint(s) beneath base path '/actuator'
 2019-11-25 21:32:39 INFO  s.d.s.w.PropertySourcedRequestMappingHandlerMapping - Mapped URL path [/v2/api-docs] onto method [springfox.documentation.swagger2.web.Swagger2Controller#getDocumentation(String, HttpServletRequest)]
 2019-11-25 21:32:39 INFO  o.s.s.c.ThreadPoolTaskExecutor - Initializing ExecutorService 'applicationTaskExecutor'
 2019-11-25 21:32:39 INFO  s.d.s.w.p.DocumentationPluginsBootstrapper - Context refreshed
 2019-11-25 21:32:39 INFO  s.d.s.w.p.DocumentationPluginsBootstrapper - Found 1 custom documentation plugin(s)
 2019-11-25 21:32:39 INFO  s.d.s.w.s.ApiListingReferenceScanner - Scanning for api listing references
 2019-11-25 21:32:39 INFO  o.s.b.w.e.tomcat.TomcatWebServer - Tomcat started on port(s): 8092 (http) with context path '/ecommerce'
 2019-11-25 21:32:39 INFO  c.hcl.ecommerce.ECommerceApplication - Started ECommerceApplication in 3.389 seconds (JVM running for 512.783)
 2019-11-25 21:32:39 INFO  o.s.b.d.a.ConditionEvaluationDeltaLoggingListener - Condition evaluation unchanged
 2019-11-25 21:32:49 INFO  o.s.s.c.ThreadPoolTaskExecutor - Shutting down ExecutorService 'applicationTaskExecutor'
 2019-11-25 21:32:49 INFO  o.s.o.j.LocalContainerEntityManagerFactoryBean - Closing JPA EntityManagerFactory for persistence unit 'default'
 2019-11-25 21:32:49 INFO  com.zaxxer.hikari.HikariDataSource - HikariPool-5 - Shutdown initiated...
 2019-11-25 21:32:49 INFO  com.zaxxer.hikari.HikariDataSource - HikariPool-5 - Shutdown completed.
 2019-11-25 21:32:59 INFO  c.hcl.ecommerce.ECommerceApplication - Starting ECommerceApplication on LP-5CD9296CMC with PID 3908 (C:\Users\User1\Downloads\workspace\Muthu\E-Commerce\target\classes started by User1 in C:\Users\User1\Downloads\workspace\Muthu\E-Commerce)
 2019-11-25 21:32:59 INFO  c.hcl.ecommerce.ECommerceApplication - No active profile set, falling back to default profiles: default
 2019-11-25 21:33:00 INFO  o.s.d.r.c.RepositoryConfigurationDelegate - Bootstrapping Spring Data repositories in DEFAULT mode.
 2019-11-25 21:33:00 INFO  o.s.d.r.c.RepositoryConfigurationDelegate - Finished Spring Data repository scanning in 66ms. Found 6 repository interfaces.
 2019-11-25 21:33:00 INFO  o.s.c.s.PostProcessorRegistrationDelegate$BeanPostProcessorChecker - Bean 'org.springframework.transaction.annotation.ProxyTransactionManagementConfiguration' of type [org.springframework.transaction.annotation.ProxyTransactionManagementConfiguration] is not eligible for getting processed by all BeanPostProcessors (for example: not eligible for auto-proxying)
 2019-11-25 21:33:00 WARN  o.a.tomcat.util.modeler.Registry - The MBean registry cannot be disabled because it has already been initialised
 2019-11-25 21:33:01 INFO  o.s.b.w.e.tomcat.TomcatWebServer - Tomcat initialized with port(s): 8092 (http)
 2019-11-25 21:33:01 INFO  o.a.catalina.core.StandardService - Starting service [Tomcat]
 2019-11-25 21:33:01 INFO  o.a.catalina.core.StandardEngine - Starting Servlet engine: [Apache Tomcat/9.0.27]
 2019-11-25 21:33:02 INFO  o.a.c.c.C.[.[localhost].[/ecommerce] - Initializing Spring embedded WebApplicationContext
 2019-11-25 21:33:02 INFO  o.s.web.context.ContextLoader - Root WebApplicationContext: initialization completed in 2237 ms
 2019-11-25 21:33:02 INFO  o.h.jpa.internal.util.LogHelper - HHH000204: Processing PersistenceUnitInfo [name: default]
 2019-11-25 21:33:02 INFO  com.zaxxer.hikari.HikariDataSource - HikariPool-6 - Starting...
 2019-11-25 21:33:02 INFO  com.zaxxer.hikari.HikariDataSource - HikariPool-6 - Start completed.
 2019-11-25 21:33:02 INFO  org.hibernate.dialect.Dialect - HHH000400: Using dialect: org.hibernate.dialect.MySQL8Dialect
 2019-11-25 21:33:02 INFO  o.h.e.t.j.p.i.JtaPlatformInitiator - HHH000490: Using JtaPlatform implementation: [org.hibernate.engine.transaction.jta.platform.internal.NoJtaPlatform]
 2019-11-25 21:33:02 INFO  o.s.o.j.LocalContainerEntityManagerFactoryBean - Initialized JPA EntityManagerFactory for persistence unit 'default'
 2019-11-25 21:33:02 INFO  o.s.b.d.a.OptionalLiveReloadServer - LiveReload server is running on port 35729
 2019-11-25 21:33:02 WARN  o.s.b.a.o.j.JpaBaseConfiguration$JpaWebConfiguration - spring.jpa.open-in-view is enabled by default. Therefore, database queries may be performed during view rendering. Explicitly configure spring.jpa.open-in-view to disable this warning
 2019-11-25 21:33:02 INFO  o.s.b.a.e.web.EndpointLinksResolver - Exposing 2 endpoint(s) beneath base path '/actuator'
 2019-11-25 21:33:02 INFO  s.d.s.w.PropertySourcedRequestMappingHandlerMapping - Mapped URL path [/v2/api-docs] onto method [springfox.documentation.swagger2.web.Swagger2Controller#getDocumentation(String, HttpServletRequest)]
 2019-11-25 21:33:02 INFO  o.s.s.c.ThreadPoolTaskExecutor - Initializing ExecutorService 'applicationTaskExecutor'
 2019-11-25 21:33:03 INFO  s.d.s.w.p.DocumentationPluginsBootstrapper - Context refreshed
 2019-11-25 21:33:03 INFO  s.d.s.w.p.DocumentationPluginsBootstrapper - Found 1 custom documentation plugin(s)
 2019-11-25 21:33:03 INFO  s.d.s.w.s.ApiListingReferenceScanner - Scanning for api listing references
 2019-11-25 21:33:03 INFO  o.s.b.w.e.tomcat.TomcatWebServer - Tomcat started on port(s): 8092 (http) with context path '/ecommerce'
 2019-11-25 21:33:03 INFO  c.hcl.ecommerce.ECommerceApplication - Started ECommerceApplication in 3.357 seconds (JVM running for 536.403)
 2019-11-25 21:33:03 INFO  o.s.b.d.a.ConditionEvaluationDeltaLoggingListener - Condition evaluation unchanged
 2019-11-25 21:35:20 INFO  o.s.b.a.SpringApplicationAdminMXBeanRegistrar$SpringApplicationAdmin - Application shutdown requested.
 2019-11-25 21:35:20 INFO  o.s.s.c.ThreadPoolTaskExecutor - Shutting down ExecutorService 'applicationTaskExecutor'
 2019-11-25 21:35:20 INFO  o.s.o.j.LocalContainerEntityManagerFactoryBean - Closing JPA EntityManagerFactory for persistence unit 'default'
 2019-11-25 21:35:20 INFO  com.zaxxer.hikari.HikariDataSource - HikariPool-6 - Shutdown initiated...
 2019-11-25 21:35:20 INFO  com.zaxxer.hikari.HikariDataSource - HikariPool-6 - Shutdown completed.
 2019-11-25 22:15:48 INFO  c.hcl.ecommerce.ECommerceApplication - Starting ECommerceApplication on LP-5CD9296CMC with PID 2232 (C:\Users\User1\Downloads\workspace\Muthu\E-Commerce\target\classes started by User1 in C:\Users\User1\Downloads\workspace\Muthu\E-Commerce)
 2019-11-25 22:15:48 INFO  c.hcl.ecommerce.ECommerceApplication - No active profile set, falling back to default profiles: default
 2019-11-25 22:15:48 INFO  o.s.b.d.restart.ChangeableUrls - The Class-Path manifest attribute in C:\Users\User1\.m2\repository\org\glassfish\jaxb\jaxb-runtime\2.3.2\jaxb-runtime-2.3.2.jar referenced one or more files that do not exist: file:/C:/Users/User1/.m2/repository/org/glassfish/jaxb/jaxb-runtime/2.3.2/jakarta.xml.bind-api-2.3.2.jar,file:/C:/Users/User1/.m2/repository/org/glassfish/jaxb/jaxb-runtime/2.3.2/txw2-2.3.2.jar,file:/C:/Users/User1/.m2/repository/org/glassfish/jaxb/jaxb-runtime/2.3.2/istack-commons-runtime-3.0.8.jar,file:/C:/Users/User1/.m2/repository/org/glassfish/jaxb/jaxb-runtime/2.3.2/stax-ex-1.8.1.jar,file:/C:/Users/User1/.m2/repository/org/glassfish/jaxb/jaxb-runtime/2.3.2/FastInfoset-1.2.16.jar,file:/C:/Users/User1/.m2/repository/org/glassfish/jaxb/jaxb-runtime/2.3.2/jakarta.activation-api-1.2.1.jar
 2019-11-25 22:15:48 INFO  o.s.b.d.e.DevToolsPropertyDefaultsPostProcessor - Devtools property defaults active! Set 'spring.devtools.add-properties' to 'false' to disable
 2019-11-25 22:15:48 INFO  o.s.b.d.e.DevToolsPropertyDefaultsPostProcessor - For additional web related logging consider setting the 'logging.level.web' property to 'DEBUG'
 2019-11-25 22:15:53 INFO  o.s.d.r.c.RepositoryConfigurationDelegate - Bootstrapping Spring Data repositories in DEFAULT mode.
 2019-11-25 22:15:53 INFO  o.s.d.r.c.RepositoryConfigurationDelegate - Finished Spring Data repository scanning in 206ms. Found 6 repository interfaces.
 2019-11-25 22:15:53 INFO  o.s.c.s.PostProcessorRegistrationDelegate$BeanPostProcessorChecker - Bean 'org.springframework.transaction.annotation.ProxyTransactionManagementConfiguration' of type [org.springframework.transaction.annotation.ProxyTransactionManagementConfiguration] is not eligible for getting processed by all BeanPostProcessors (for example: not eligible for auto-proxying)
 2019-11-25 22:15:55 INFO  o.s.b.w.e.tomcat.TomcatWebServer - Tomcat initialized with port(s): 8092 (http)
 2019-11-25 22:15:55 INFO  o.a.catalina.core.StandardService - Starting service [Tomcat]
 2019-11-25 22:15:55 INFO  o.a.catalina.core.StandardEngine - Starting Servlet engine: [Apache Tomcat/9.0.27]
 2019-11-25 22:15:56 INFO  o.a.c.c.C.[.[localhost].[/ecommerce] - Initializing Spring embedded WebApplicationContext
 2019-11-25 22:15:56 INFO  o.s.web.context.ContextLoader - Root WebApplicationContext: initialization completed in 7651 ms
 2019-11-25 22:15:57 INFO  o.h.jpa.internal.util.LogHelper - HHH000204: Processing PersistenceUnitInfo [name: default]
 2019-11-25 22:15:57 INFO  org.hibernate.Version - HHH000412: Hibernate Core {5.4.8.Final}
 2019-11-25 22:15:57 INFO  o.h.annotations.common.Version - HCANN000001: Hibernate Commons Annotations {5.1.0.Final}
 2019-11-25 22:15:58 INFO  com.zaxxer.hikari.HikariDataSource - HikariPool-1 - Starting...
 2019-11-25 22:15:59 INFO  com.zaxxer.hikari.HikariDataSource - HikariPool-1 - Start completed.
 2019-11-25 22:15:59 INFO  org.hibernate.dialect.Dialect - HHH000400: Using dialect: org.hibernate.dialect.MySQL8Dialect
 2019-11-25 22:16:00 INFO  o.h.e.t.j.p.i.JtaPlatformInitiator - HHH000490: Using JtaPlatform implementation: [org.hibernate.engine.transaction.jta.platform.internal.NoJtaPlatform]
 2019-11-25 22:16:00 INFO  o.s.o.j.LocalContainerEntityManagerFactoryBean - Initialized JPA EntityManagerFactory for persistence unit 'default'
 2019-11-25 22:16:00 INFO  o.s.b.d.a.OptionalLiveReloadServer - LiveReload server is running on port 35729
 2019-11-25 22:16:01 WARN  o.s.b.a.o.j.JpaBaseConfiguration$JpaWebConfiguration - spring.jpa.open-in-view is enabled by default. Therefore, database queries may be performed during view rendering. Explicitly configure spring.jpa.open-in-view to disable this warning
 2019-11-25 22:16:01 INFO  o.s.b.a.e.web.EndpointLinksResolver - Exposing 2 endpoint(s) beneath base path '/actuator'
 2019-11-25 22:16:02 INFO  s.d.s.w.PropertySourcedRequestMappingHandlerMapping - Mapped URL path [/v2/api-docs] onto method [springfox.documentation.swagger2.web.Swagger2Controller#getDocumentation(String, HttpServletRequest)]
 2019-11-25 22:16:02 INFO  o.s.s.c.ThreadPoolTaskExecutor - Initializing ExecutorService 'applicationTaskExecutor'
 2019-11-25 22:16:02 INFO  s.d.s.w.p.DocumentationPluginsBootstrapper - Context refreshed
 2019-11-25 22:16:02 INFO  s.d.s.w.p.DocumentationPluginsBootstrapper - Found 1 custom documentation plugin(s)
 2019-11-25 22:16:02 INFO  s.d.s.w.s.ApiListingReferenceScanner - Scanning for api listing references
 2019-11-25 22:16:03 INFO  o.s.b.w.e.tomcat.TomcatWebServer - Tomcat started on port(s): 8092 (http) with context path '/ecommerce'
 2019-11-25 22:16:03 INFO  c.hcl.ecommerce.ECommerceApplication - Started ECommerceApplication in 15.266 seconds (JVM running for 20.216)
 2019-11-25 22:16:07 INFO  o.a.c.c.C.[.[localhost].[/ecommerce] - Initializing Spring DispatcherServlet 'dispatcherServlet'
 2019-11-25 22:16:07 INFO  o.s.web.servlet.DispatcherServlet - Initializing Servlet 'dispatcherServlet'
 2019-11-25 22:16:07 INFO  o.s.web.servlet.DispatcherServlet - Completed initialization in 8 ms
 2019-11-25 22:16:40 DEBUG org.hibernate.SQL - select product0_.product_id as product_1_1_, product0_.product_description as product_2_1_, product0_.product_name as product_3_1_ from product product0_
 2019-11-25 22:16:40 INFO  c.h.e.controller.SearchController - Displaying product details from product table
 2019-11-25 22:17:13 DEBUG org.hibernate.SQL - select product0_.product_id as product_1_1_, product0_.product_description as product_2_1_, product0_.product_name as product_3_1_ from product product0_ where product0_.product_name=?
 2019-11-25 22:17:13 DEBUG org.hibernate.SQL - select productsto0_.product_store_id as product_1_2_, productsto0_.product_id as product_2_2_, productsto0_.product_quantity as product_3_2_, productsto0_.productprice as productp4_2_, productsto0_.store_name as store_na5_2_ from productstore productsto0_ where productsto0_.product_id=?
 2019-11-25 22:17:13 INFO  c.h.e.s.ProductStoreServiceImpl - No of List=2
 2019-11-25 22:17:13 DEBUG org.hibernate.SQL - select store0_.store_id as store_id1_4_, store0_.contact_number as contact_2_4_, store0_.contact_person as contact_3_4_, store0_.store_location as store_lo4_4_, store0_.store_name as store_na5_4_ from store store0_ where store0_.store_name=?
 2019-11-25 22:17:13 INFO  c.h.e.s.ProductStoreServiceImpl - StoreName=Vijay Stores
 2019-11-25 22:17:13 DEBUG org.hibernate.SQL - select review0_.review_id as review_i1_3_, review0_.rating as rating2_3_, review0_.store_id as store_id3_3_ from review review0_ where review0_.store_id=?
 2019-11-25 22:17:13 INFO  c.h.e.s.ProductStoreServiceImpl - StroreId=103
 2019-11-25 22:17:13 DEBUG org.hibernate.SQL - select store0_.store_id as store_id1_4_, store0_.contact_number as contact_2_4_, store0_.contact_person as contact_3_4_, store0_.store_location as store_lo4_4_, store0_.store_name as store_na5_4_ from store store0_ where store0_.store_name=?
 2019-11-25 22:17:13 INFO  c.h.e.s.ProductStoreServiceImpl - StoreName=Akshay Stores
 2019-11-25 22:17:13 DEBUG org.hibernate.SQL - select review0_.review_id as review_i1_3_, review0_.rating as rating2_3_, review0_.store_id as store_id3_3_ from review review0_ where review0_.store_id=?
 2019-11-25 22:17:13 INFO  c.h.e.s.ProductStoreServiceImpl - StroreId=104
 2019-11-25 22:17:13 INFO  c.h.e.controller.BuyController - Displaying the product from different stores
 2019-11-25 23:09:34 INFO  o.s.b.a.SpringApplicationAdminMXBeanRegistrar$SpringApplicationAdmin - Application shutdown requested.
 2019-11-25 23:09:34 INFO  o.s.s.c.ThreadPoolTaskExecutor - Shutting down ExecutorService 'applicationTaskExecutor'
 2019-11-25 23:09:34 INFO  o.s.o.j.LocalContainerEntityManagerFactoryBean - Closing JPA EntityManagerFactory for persistence unit 'default'
 2019-11-25 23:09:34 INFO  com.zaxxer.hikari.HikariDataSource - HikariPool-1 - Shutdown initiated...
 2019-11-25 23:09:34 INFO  com.zaxxer.hikari.HikariDataSource - HikariPool-1 - Shutdown completed.
 2019-11-25 23:13:41 INFO  c.hcl.ecommerce.ECommerceApplication - Starting ECommerceApplication on LP-5CD9296CMC with PID 10768 (C:\Users\User1\Downloads\workspace\Muthu\E-Commerce\target\classes started by User1 in C:\Users\User1\Downloads\workspace\Muthu\E-Commerce)
 2019-11-25 23:13:41 INFO  c.hcl.ecommerce.ECommerceApplication - No active profile set, falling back to default profiles: default
 2019-11-25 23:13:42 INFO  o.s.b.d.restart.ChangeableUrls - The Class-Path manifest attribute in C:\Users\User1\.m2\repository\org\glassfish\jaxb\jaxb-runtime\2.3.2\jaxb-runtime-2.3.2.jar referenced one or more files that do not exist: file:/C:/Users/User1/.m2/repository/org/glassfish/jaxb/jaxb-runtime/2.3.2/jakarta.xml.bind-api-2.3.2.jar,file:/C:/Users/User1/.m2/repository/org/glassfish/jaxb/jaxb-runtime/2.3.2/txw2-2.3.2.jar,file:/C:/Users/User1/.m2/repository/org/glassfish/jaxb/jaxb-runtime/2.3.2/istack-commons-runtime-3.0.8.jar,file:/C:/Users/User1/.m2/repository/org/glassfish/jaxb/jaxb-runtime/2.3.2/stax-ex-1.8.1.jar,file:/C:/Users/User1/.m2/repository/org/glassfish/jaxb/jaxb-runtime/2.3.2/FastInfoset-1.2.16.jar,file:/C:/Users/User1/.m2/repository/org/glassfish/jaxb/jaxb-runtime/2.3.2/jakarta.activation-api-1.2.1.jar
 2019-11-25 23:13:42 INFO  o.s.b.d.e.DevToolsPropertyDefaultsPostProcessor - Devtools property defaults active! Set 'spring.devtools.add-properties' to 'false' to disable
 2019-11-25 23:13:42 INFO  o.s.b.d.e.DevToolsPropertyDefaultsPostProcessor - For additional web related logging consider setting the 'logging.level.web' property to 'DEBUG'
 2019-11-25 23:13:43 INFO  o.s.d.r.c.RepositoryConfigurationDelegate - Bootstrapping Spring Data repositories in DEFAULT mode.
 2019-11-25 23:13:43 INFO  o.s.d.r.c.RepositoryConfigurationDelegate - Finished Spring Data repository scanning in 119ms. Found 6 repository interfaces.
 2019-11-25 23:13:44 INFO  o.s.c.s.PostProcessorRegistrationDelegate$BeanPostProcessorChecker - Bean 'org.springframework.transaction.annotation.ProxyTransactionManagementConfiguration' of type [org.springframework.transaction.annotation.ProxyTransactionManagementConfiguration] is not eligible for getting processed by all BeanPostProcessors (for example: not eligible for auto-proxying)
 2019-11-25 23:13:44 INFO  o.s.b.w.e.tomcat.TomcatWebServer - Tomcat initialized with port(s): 8092 (http)
 2019-11-25 23:13:44 INFO  o.a.catalina.core.StandardService - Starting service [Tomcat]
 2019-11-25 23:13:44 INFO  o.a.catalina.core.StandardEngine - Starting Servlet engine: [Apache Tomcat/9.0.27]
 2019-11-25 23:13:45 INFO  o.a.c.c.C.[.[localhost].[/ecommerce] - Initializing Spring embedded WebApplicationContext
 2019-11-25 23:13:45 INFO  o.s.web.context.ContextLoader - Root WebApplicationContext: initialization completed in 3474 ms
 2019-11-25 23:13:45 INFO  o.h.jpa.internal.util.LogHelper - HHH000204: Processing PersistenceUnitInfo [name: default]
 2019-11-25 23:13:46 INFO  org.hibernate.Version - HHH000412: Hibernate Core {5.4.8.Final}
 2019-11-25 23:13:46 INFO  o.h.annotations.common.Version - HCANN000001: Hibernate Commons Annotations {5.1.0.Final}
 2019-11-25 23:13:46 INFO  com.zaxxer.hikari.HikariDataSource - HikariPool-1 - Starting...
 2019-11-25 23:13:46 INFO  com.zaxxer.hikari.HikariDataSource - HikariPool-1 - Start completed.
 2019-11-25 23:13:46 INFO  org.hibernate.dialect.Dialect - HHH000400: Using dialect: org.hibernate.dialect.MySQL8Dialect
 2019-11-25 23:13:47 INFO  o.h.e.t.j.p.i.JtaPlatformInitiator - HHH000490: Using JtaPlatform implementation: [org.hibernate.engine.transaction.jta.platform.internal.NoJtaPlatform]
 2019-11-25 23:13:47 INFO  o.s.o.j.LocalContainerEntityManagerFactoryBean - Initialized JPA EntityManagerFactory for persistence unit 'default'
 2019-11-25 23:13:47 INFO  o.s.b.d.a.OptionalLiveReloadServer - LiveReload server is running on port 35729
 2019-11-25 23:13:48 WARN  o.s.b.a.o.j.JpaBaseConfiguration$JpaWebConfiguration - spring.jpa.open-in-view is enabled by default. Therefore, database queries may be performed during view rendering. Explicitly configure spring.jpa.open-in-view to disable this warning
 2019-11-25 23:13:48 INFO  o.s.b.a.e.web.EndpointLinksResolver - Exposing 2 endpoint(s) beneath base path '/actuator'
 2019-11-25 23:13:48 INFO  s.d.s.w.PropertySourcedRequestMappingHandlerMapping - Mapped URL path [/v2/api-docs] onto method [springfox.documentation.swagger2.web.Swagger2Controller#getDocumentation(String, HttpServletRequest)]
 2019-11-25 23:13:48 INFO  o.s.s.c.ThreadPoolTaskExecutor - Initializing ExecutorService 'applicationTaskExecutor'
 2019-11-25 23:13:49 INFO  s.d.s.w.p.DocumentationPluginsBootstrapper - Context refreshed
 2019-11-25 23:13:49 INFO  s.d.s.w.p.DocumentationPluginsBootstrapper - Found 1 custom documentation plugin(s)
 2019-11-25 23:13:49 INFO  s.d.s.w.s.ApiListingReferenceScanner - Scanning for api listing references
 2019-11-25 23:13:49 INFO  o.s.b.w.e.tomcat.TomcatWebServer - Tomcat started on port(s): 8092 (http) with context path '/ecommerce'
 2019-11-25 23:13:49 INFO  c.hcl.ecommerce.ECommerceApplication - Started ECommerceApplication in 7.599 seconds (JVM running for 10.131)
 2019-11-25 23:14:06 INFO  o.s.s.c.ThreadPoolTaskExecutor - Shutting down ExecutorService 'applicationTaskExecutor'
 2019-11-25 23:14:06 INFO  o.s.o.j.LocalContainerEntityManagerFactoryBean - Closing JPA EntityManagerFactory for persistence unit 'default'
 2019-11-25 23:14:06 INFO  com.zaxxer.hikari.HikariDataSource - HikariPool-1 - Shutdown initiated...
 2019-11-25 23:14:06 INFO  com.zaxxer.hikari.HikariDataSource - HikariPool-1 - Shutdown completed.
 2019-11-25 23:14:10 INFO  c.hcl.ecommerce.ECommerceApplication - Starting ECommerceApplication on LP-5CD9296CMC with PID 10768 (C:\Users\User1\Downloads\workspace\Muthu\E-Commerce\target\classes started by User1 in C:\Users\User1\Downloads\workspace\Muthu\E-Commerce)
 2019-11-25 23:14:10 INFO  c.hcl.ecommerce.ECommerceApplication - No active profile set, falling back to default profiles: default
 2019-11-25 23:14:11 INFO  o.s.d.r.c.RepositoryConfigurationDelegate - Bootstrapping Spring Data repositories in DEFAULT mode.
 2019-11-25 23:14:11 INFO  o.s.d.r.c.RepositoryConfigurationDelegate - Finished Spring Data repository scanning in 0ms. Found 0 repository interfaces.
 2019-11-25 23:14:11 INFO  o.s.c.s.PostProcessorRegistrationDelegate$BeanPostProcessorChecker - Bean 'org.springframework.transaction.annotation.ProxyTransactionManagementConfiguration' of type [org.springframework.transaction.annotation.ProxyTransactionManagementConfiguration] is not eligible for getting processed by all BeanPostProcessors (for example: not eligible for auto-proxying)
 2019-11-25 23:14:11 WARN  o.a.tomcat.util.modeler.Registry - The MBean registry cannot be disabled because it has already been initialised
 2019-11-25 23:14:11 INFO  o.s.b.w.e.tomcat.TomcatWebServer - Tomcat initialized with port(s): 8092 (http)
 2019-11-25 23:14:11 INFO  o.a.catalina.core.StandardService - Starting service [Tomcat]
 2019-11-25 23:14:11 INFO  o.a.catalina.core.StandardEngine - Starting Servlet engine: [Apache Tomcat/9.0.27]
 2019-11-25 23:14:12 INFO  o.a.c.c.C.[.[localhost].[/ecommerce] - Initializing Spring embedded WebApplicationContext
 2019-11-25 23:14:12 INFO  o.s.web.context.ContextLoader - Root WebApplicationContext: initialization completed in 1796 ms
 2019-11-25 23:14:12 INFO  o.h.jpa.internal.util.LogHelper - HHH000204: Processing PersistenceUnitInfo [name: default]
 2019-11-25 23:14:12 INFO  com.zaxxer.hikari.HikariDataSource - HikariPool-2 - Starting...
 2019-11-25 23:14:12 INFO  com.zaxxer.hikari.HikariDataSource - HikariPool-2 - Start completed.
 2019-11-25 23:14:12 INFO  org.hibernate.dialect.Dialect - HHH000400: Using dialect: org.hibernate.dialect.MySQL8Dialect
 2019-11-25 23:14:12 INFO  o.h.e.t.j.p.i.JtaPlatformInitiator - HHH000490: Using JtaPlatform implementation: [org.hibernate.engine.transaction.jta.platform.internal.NoJtaPlatform]
 2019-11-25 23:14:12 INFO  o.s.o.j.LocalContainerEntityManagerFactoryBean - Initialized JPA EntityManagerFactory for persistence unit 'default'
 2019-11-25 23:14:12 INFO  o.s.b.d.a.OptionalLiveReloadServer - LiveReload server is running on port 35729
 2019-11-25 23:14:12 WARN  o.s.b.a.o.j.JpaBaseConfiguration$JpaWebConfiguration - spring.jpa.open-in-view is enabled by default. Therefore, database queries may be performed during view rendering. Explicitly configure spring.jpa.open-in-view to disable this warning
 2019-11-25 23:14:12 INFO  o.s.s.c.ThreadPoolTaskExecutor - Initializing ExecutorService 'applicationTaskExecutor'
 2019-11-25 23:14:12 INFO  o.s.b.a.e.web.EndpointLinksResolver - Exposing 2 endpoint(s) beneath base path '/actuator'
 2019-11-25 23:14:12 INFO  o.s.b.w.e.tomcat.TomcatWebServer - Tomcat started on port(s): 8092 (http) with context path '/ecommerce'
 2019-11-25 23:14:12 INFO  c.hcl.ecommerce.ECommerceApplication - Started ECommerceApplication in 2.422 seconds (JVM running for 33.762)
 2019-11-25 23:14:12 INFO  o.s.b.d.a.ConditionEvaluationDeltaLoggingListener - Condition evaluation unchanged
 2019-11-25 23:14:20 INFO  o.s.s.c.ThreadPoolTaskExecutor - Shutting down ExecutorService 'applicationTaskExecutor'
 2019-11-25 23:14:20 INFO  o.s.o.j.LocalContainerEntityManagerFactoryBean - Closing JPA EntityManagerFactory for persistence unit 'default'
 2019-11-25 23:14:20 INFO  com.zaxxer.hikari.HikariDataSource - HikariPool-2 - Shutdown initiated...
 2019-11-25 23:14:20 INFO  com.zaxxer.hikari.HikariDataSource - HikariPool-2 - Shutdown completed.
 2019-11-25 23:14:20 INFO  c.hcl.ecommerce.ECommerceApplication - Starting ECommerceApplication on LP-5CD9296CMC with PID 10768 (C:\Users\User1\Downloads\workspace\Muthu\E-Commerce\target\classes started by User1 in C:\Users\User1\Downloads\workspace\Muthu\E-Commerce)
 2019-11-25 23:14:20 INFO  c.hcl.ecommerce.ECommerceApplication - No active profile set, falling back to default profiles: default
 2019-11-25 23:14:22 INFO  o.s.d.r.c.RepositoryConfigurationDelegate - Bootstrapping Spring Data repositories in DEFAULT mode.
 2019-11-25 23:14:22 INFO  o.s.d.r.c.RepositoryConfigurationDelegate - Finished Spring Data repository scanning in 78ms. Found 6 repository interfaces.
 2019-11-25 23:14:22 INFO  o.s.c.s.PostProcessorRegistrationDelegate$BeanPostProcessorChecker - Bean 'org.springframework.transaction.annotation.ProxyTransactionManagementConfiguration' of type [org.springframework.transaction.annotation.ProxyTransactionManagementConfiguration] is not eligible for getting processed by all BeanPostProcessors (for example: not eligible for auto-proxying)
 2019-11-25 23:14:22 WARN  o.a.tomcat.util.modeler.Registry - The MBean registry cannot be disabled because it has already been initialised
 2019-11-25 23:14:23 INFO  o.s.b.w.e.tomcat.TomcatWebServer - Tomcat initialized with port(s): 8092 (http)
 2019-11-25 23:14:23 INFO  o.a.catalina.core.StandardService - Starting service [Tomcat]
 2019-11-25 23:14:23 INFO  o.a.catalina.core.StandardEngine - Starting Servlet engine: [Apache Tomcat/9.0.27]
 2019-11-25 23:14:24 INFO  o.a.c.c.C.[.[localhost].[/ecommerce] - Initializing Spring embedded WebApplicationContext
 2019-11-25 23:14:24 INFO  o.s.web.context.ContextLoader - Root WebApplicationContext: initialization completed in 3211 ms
 2019-11-25 23:14:24 INFO  o.h.jpa.internal.util.LogHelper - HHH000204: Processing PersistenceUnitInfo [name: default]
 2019-11-25 23:14:24 INFO  com.zaxxer.hikari.HikariDataSource - HikariPool-3 - Starting...
 2019-11-25 23:14:24 INFO  com.zaxxer.hikari.HikariDataSource - HikariPool-3 - Start completed.
 2019-11-25 23:14:24 INFO  org.hibernate.dialect.Dialect - HHH000400: Using dialect: org.hibernate.dialect.MySQL8Dialect
 2019-11-25 23:14:24 INFO  o.h.e.t.j.p.i.JtaPlatformInitiator - HHH000490: Using JtaPlatform implementation: [org.hibernate.engine.transaction.jta.platform.internal.NoJtaPlatform]
 2019-11-25 23:14:24 INFO  o.s.o.j.LocalContainerEntityManagerFactoryBean - Initialized JPA EntityManagerFactory for persistence unit 'default'
 2019-11-25 23:14:24 INFO  o.s.b.d.a.OptionalLiveReloadServer - LiveReload server is running on port 35729
 2019-11-25 23:14:24 WARN  o.s.b.a.o.j.JpaBaseConfiguration$JpaWebConfiguration - spring.jpa.open-in-view is enabled by default. Therefore, database queries may be performed during view rendering. Explicitly configure spring.jpa.open-in-view to disable this warning
 2019-11-25 23:14:24 INFO  o.s.b.a.e.web.EndpointLinksResolver - Exposing 2 endpoint(s) beneath base path '/actuator'
 2019-11-25 23:14:24 INFO  s.d.s.w.PropertySourcedRequestMappingHandlerMapping - Mapped URL path [/v2/api-docs] onto method [springfox.documentation.swagger2.web.Swagger2Controller#getDocumentation(String, HttpServletRequest)]
 2019-11-25 23:14:24 INFO  o.s.s.c.ThreadPoolTaskExecutor - Initializing ExecutorService 'applicationTaskExecutor'
 2019-11-25 23:14:25 INFO  s.d.s.w.p.DocumentationPluginsBootstrapper - Context refreshed
 2019-11-25 23:14:25 INFO  s.d.s.w.p.DocumentationPluginsBootstrapper - Found 1 custom documentation plugin(s)
 2019-11-25 23:14:25 INFO  s.d.s.w.s.ApiListingReferenceScanner - Scanning for api listing references
 2019-11-25 23:14:25 INFO  o.s.b.w.e.tomcat.TomcatWebServer - Tomcat started on port(s): 8092 (http) with context path '/ecommerce'
 2019-11-25 23:14:25 INFO  c.hcl.ecommerce.ECommerceApplication - Started ECommerceApplication in 4.241 seconds (JVM running for 46.018)
 2019-11-25 23:14:25 INFO  o.s.b.d.a.ConditionEvaluationDeltaLoggingListener - Condition evaluation delta:


==========================
CONDITION EVALUATION DELTA
==========================


Positive matches:
-----------------

   Swagger2DocumentationConfiguration matched:
      - @ConditionalOnWebApplication (required) found 'session' scope (OnWebApplicationCondition)


Negative matches:
-----------------

    None


Exclusions:
-----------

    None


Unconditional classes:
----------------------

    None



 2019-11-25 23:16:39 INFO  o.s.b.a.SpringApplicationAdminMXBeanRegistrar$SpringApplicationAdmin - Application shutdown requested.
 2019-11-25 23:16:39 INFO  o.s.s.c.ThreadPoolTaskExecutor - Shutting down ExecutorService 'applicationTaskExecutor'
 2019-11-25 23:16:39 INFO  o.s.o.j.LocalContainerEntityManagerFactoryBean - Closing JPA EntityManagerFactory for persistence unit 'default'
 2019-11-25 23:16:39 INFO  com.zaxxer.hikari.HikariDataSource - HikariPool-3 - Shutdown initiated...
 2019-11-25 23:16:39 INFO  com.zaxxer.hikari.HikariDataSource - HikariPool-3 - Shutdown completed.
 